<?xml version="1.0" encoding="UTF-8"?>
<testsuite name="Study.Assistant.Studia.StudiaApplicationTests" tests="1" skipped="0" failures="0" errors="0" timestamp="2025-06-14T11:41:44.394Z" hostname="isanghun-ui-MacBookPro.local" time="0.241">
  <properties/>
  <testcase name="contextLoads()" classname="Study.Assistant.Studia.StudiaApplicationTests" time="0.241"/>
  <system-out><![CDATA[Standard Commons Logging discovery in action with spring-jcl: please remove commons-logging.jar from classpath in order to avoid potential conflicts
20:41:40.672 [Test worker] INFO org.springframework.test.context.support.AnnotationConfigContextLoaderUtils -- Could not detect default configuration classes for test class [Study.Assistant.Studia.StudiaApplicationTests]: StudiaApplicationTests does not declare any static, non-private, non-final, nested classes annotated with @Configuration.
20:41:40.718 [Test worker] INFO org.springframework.boot.test.context.SpringBootTestContextBootstrapper -- Found @SpringBootConfiguration Study.Assistant.Studia.StudiaApplication for test class Study.Assistant.Studia.StudiaApplicationTests

  .   ____          _            __ _ _
 /\\ / ___'_ __ _ _(_)_ __  __ _ \ \ \ \
( ( )\___ | '_ | '_| | '_ \/ _` | \ \ \ \
 \\/  ___)| |_)| | | | | || (_| |  ) ) ) )
  '  |____| .__|_| |_|_| |_\__, | / / / /
 =========|_|==============|___/=/_/_/_/

 :: Spring Boot ::                (v3.4.5)

2025-06-14 20:41:40 [Test worker] INFO  S.A.Studia.StudiaApplicationTests - Starting StudiaApplicationTests using Java 17.0.15 with PID 20547 (started by leesanghoon in /Users/leesanghoon/Studia/Study Assistant/Backend)
2025-06-14 20:41:40 [Test worker] DEBUG S.A.Studia.StudiaApplicationTests - Running with Spring Boot v3.4.5, Spring v6.2.6
2025-06-14 20:41:40 [Test worker] INFO  S.A.Studia.StudiaApplicationTests - The following 1 profile is active: "local"
2025-06-14 20:41:41 [Test worker] INFO  o.s.d.r.c.RepositoryConfigurationDelegate - Multiple Spring Data modules found, entering strict repository configuration mode
2025-06-14 20:41:41 [Test worker] INFO  o.s.d.r.c.RepositoryConfigurationDelegate - Bootstrapping Spring Data JPA repositories in DEFAULT mode.
2025-06-14 20:41:41 [Test worker] INFO  o.s.d.r.c.RepositoryConfigurationDelegate - Finished Spring Data repository scanning in 64 ms. Found 12 JPA repository interfaces.
2025-06-14 20:41:41 [Test worker] INFO  com.zaxxer.hikari.HikariDataSource - HikariPool-1 - Starting...
2025-06-14 20:41:41 [Test worker] INFO  com.zaxxer.hikari.pool.HikariPool - HikariPool-1 - Added connection com.mysql.cj.jdbc.ConnectionImpl@12548f9a
2025-06-14 20:41:41 [Test worker] INFO  com.zaxxer.hikari.HikariDataSource - HikariPool-1 - Start completed.
2025-06-14 20:41:41 [Test worker] INFO  o.h.jpa.internal.util.LogHelper - HHH000204: Processing PersistenceUnitInfo [name: default]
2025-06-14 20:41:41 [Test worker] INFO  org.hibernate.Version - HHH000412: Hibernate ORM core version 6.6.13.Final
2025-06-14 20:41:41 [Test worker] INFO  o.h.c.i.RegionFactoryInitiator - HHH000026: Second-level cache disabled
2025-06-14 20:41:41 [Test worker] INFO  o.s.o.j.p.SpringPersistenceUnitInfo - No LoadTimeWeaver setup: ignoring JPA class transformer
2025-06-14 20:41:41 [Test worker] WARN  o.h.e.j.e.i.JdbcEnvironmentInitiator - HHH000339: Could not obtain connection metadata: java.sql.SQLSyntaxErrorException: Unknown column 'RESERVED' in 'WHERE'
2025-06-14 20:41:41 [Test worker] WARN  org.hibernate.orm.deprecation - HHH90000025: MySQLDialect does not need to be specified explicitly using 'hibernate.dialect' (remove the property setting and it will be selected by default)
2025-06-14 20:41:41 [Test worker] INFO  o.hibernate.orm.connections.pooling - HHH10001005: Database info:
	Database JDBC URL [Connecting through datasource 'HikariDataSource (HikariPool-1)']
	Database driver: undefined/unknown
	Database version: 8.0
	Autocommit mode: undefined/unknown
	Isolation level: undefined/unknown
	Minimum pool size: undefined/unknown
	Maximum pool size: undefined/unknown
2025-06-14 20:41:42 [Test worker] INFO  o.h.e.t.j.p.i.JtaPlatformInitiator - HHH000489: No JTA platform available (set 'hibernate.transaction.jta.platform' to enable JTA platform integration)
2025-06-14 20:41:42 [Test worker] INFO  o.s.o.j.LocalContainerEntityManagerFactoryBean - Initialized JPA EntityManagerFactory for persistence unit 'default'
2025-06-14 20:41:42 [Test worker] INFO  o.s.d.j.r.query.QueryEnhancerFactory - Hibernate is in classpath; If applicable, HQL parser will be used.
]]>&#x1f510;<![CDATA[ JWT Secret (Base64 Length): 96
]]>&#x1f510;<![CDATA[ Decoded Key Length (bytes): 70
2025-06-14 20:41:42 [Test worker] DEBUG S.Assistant.Studia.config.EnvConfig - Set system property from .env: DB_PASSWORD
2025-06-14 20:41:42 [Test worker] DEBUG S.Assistant.Studia.config.EnvConfig - Set system property from .env: DB_USERNAME
2025-06-14 20:41:42 [Test worker] DEBUG S.Assistant.Studia.config.EnvConfig - Set system property from .env: OPENAI_API_KEY
2025-06-14 20:41:42 [Test worker] DEBUG S.Assistant.Studia.config.EnvConfig - Set system property from .env: CLAUDE_API_KEY
2025-06-14 20:41:42 [Test worker] DEBUG S.Assistant.Studia.config.EnvConfig - Set system property from .env: AI_MODEL
2025-06-14 20:41:42 [Test worker] INFO  S.Assistant.Studia.config.EnvConfig - Environment variables loaded from .env file
File upload path: /Users/leesanghoon/Studia/Study Assistant/Backend/./uploads
2025-06-14 20:41:42 [Test worker] INFO  S.Assistant.Studia.service.AIService - === AI Service Configuration ===
2025-06-14 20:41:42 [Test worker] INFO  S.Assistant.Studia.service.AIService - Preferred AI Model: openai
2025-06-14 20:41:42 [Test worker] INFO  S.Assistant.Studia.service.AIService - OpenAI API Key configured: true
2025-06-14 20:41:42 [Test worker] INFO  S.Assistant.Studia.service.AIService - Claude API Key configured: false
2025-06-14 20:41:42 [Test worker] INFO  S.Assistant.Studia.service.AIService - OpenAI API Key length: 164
2025-06-14 20:41:42 [Test worker] INFO  S.Assistant.Studia.service.AIService - OpenAI API Key starts with: sk-proj-2h...
2025-06-14 20:41:42 [Test worker] INFO  S.Assistant.Studia.service.AIService - OpenAI API URL: https://api.openai.com/v1/chat/completions
2025-06-14 20:41:42 [Test worker] INFO  S.Assistant.Studia.service.AIService - Claude API URL: https://api.anthropic.com/v1/messages
2025-06-14 20:41:42 [Test worker] INFO  S.Assistant.Studia.service.AIService - =================================
2025-06-14 20:41:42 [Test worker] INFO  o.s.s.c.a.a.c.InitializeAuthenticationProviderBeanManagerConfigurer$InitializeAuthenticationProviderManagerConfigurer - Global AuthenticationManager configured with AuthenticationProvider bean with name authenticationProvider
2025-06-14 20:41:42 [Test worker] WARN  o.s.s.c.a.a.c.InitializeUserDetailsBeanManagerConfigurer$InitializeUserDetailsManagerConfigurer - Global AuthenticationManager configured with an AuthenticationProvider bean. UserDetailsService beans will not be used by Spring Security for automatically configuring username/password login. Consider removing the AuthenticationProvider bean. Alternatively, consider using the UserDetailsService in a manually instantiated DaoAuthenticationProvider. If the current configuration is intentional, to turn off this warning, increase the logging level of 'org.springframework.security.config.annotation.authentication.configuration.InitializeUserDetailsBeanManagerConfigurer' to ERROR
2025-06-14 20:41:43 [Test worker] WARN  o.s.b.a.o.j.JpaBaseConfiguration$JpaWebConfiguration - spring.jpa.open-in-view is enabled by default. Therefore, database queries may be performed during view rendering. Explicitly configure spring.jpa.open-in-view to disable this warning
2025-06-14 20:41:44 [Test worker] INFO  o.s.b.a.w.s.WelcomePageHandlerMapping - Adding welcome page: class path resource [static/index.html]
2025-06-14 20:41:44 [Test worker] WARN  o.s.s.c.a.web.builders.WebSecurity - You are asking Spring Security to ignore Deferred [Mvc [pattern='/**'], Ant [pattern='/**']]. This is not recommended -- please use permitAll via HttpSecurity#authorizeHttpRequests instead.
2025-06-14 20:41:44 [Test worker] INFO  o.s.m.s.b.SimpleBrokerMessageHandler - Starting...
2025-06-14 20:41:44 [Test worker] INFO  o.s.m.s.b.SimpleBrokerMessageHandler - BrokerAvailabilityEvent[available=true, SimpleBrokerMessageHandler [org.springframework.messaging.simp.broker.DefaultSubscriptionRegistry@384d4551]]
2025-06-14 20:41:44 [Test worker] INFO  o.s.m.s.b.SimpleBrokerMessageHandler - Started.
2025-06-14 20:41:44 [Test worker] INFO  S.A.Studia.StudiaApplicationTests - Started StudiaApplicationTests in 3.567 seconds (process running for 3.964)
2025-06-14 20:41:44 [Test worker] INFO  S.A.Studia.config.DataInitializer - Initializing application data...
2025-06-14 20:41:44 [Test worker] DEBUG org.hibernate.SQL - select u1_0.id from users u1_0 where u1_0.email=? limit ?
Hibernate: select u1_0.id from users u1_0 where u1_0.email=? limit ?
2025-06-14 20:41:44 [Test worker] DEBUG org.hibernate.SQL - select u1_0.id from users u1_0 where u1_0.email=? limit ?
Hibernate: select u1_0.id from users u1_0 where u1_0.email=? limit ?
2025-06-14 20:41:44 [Test worker] DEBUG org.hibernate.SQL - select u1_0.id from users u1_0 where u1_0.email=? limit ?
Hibernate: select u1_0.id from users u1_0 where u1_0.email=? limit ?
2025-06-14 20:41:44 [Test worker] DEBUG org.hibernate.SQL - select u1_0.id from users u1_0 where u1_0.email=? limit ?
Hibernate: select u1_0.id from users u1_0 where u1_0.email=? limit ?
2025-06-14 20:41:44 [Test worker] DEBUG org.hibernate.SQL - select u1_0.id from users u1_0 where u1_0.email=? limit ?
Hibernate: select u1_0.id from users u1_0 where u1_0.email=? limit ?
2025-06-14 20:41:44 [Test worker] INFO  S.A.Studia.config.DataInitializer - Data initialization completed.
]]></system-out>
  <system-err><![CDATA[]]></system-err>
</testsuite>
